<?xml version="1.0" encoding="UTF-8"?>
<testsuite name="org.example.SILab2Test" tests="2" skipped="0" failures="0" errors="0" timestamp="2023-05-17T13:36:30" hostname="DESKTOP-5OTFSPI" time="0.027">
  <properties/>
  <testcase name="EveryBranchFunction()" classname="org.example.SILab2Test" time="0.023"/>
  <testcase name="MultipleCondition()" classname="org.example.SILab2Test" time="0.003"/>
  <system-out><![CDATA[]]></system-out>
  <system-err><![CDATA[]]></system-err>
</testsuite>
